<html>
<head>
<title>TestNG:  Default test</title>
<link href="../testng.css" rel="stylesheet" type="text/css" />
<link href="../my-testng.css" rel="stylesheet" type="text/css" />

<style type="text/css">
.log { display: none;} 
.stack-trace { display: none;} 
</style>
<script type="text/javascript">
<!--
function flip(e) {
  current = e.style.display;
  if (current == 'block') {
    e.style.display = 'none';
    return 0;
  }
  else {
    e.style.display = 'block';
    return 1;
  }
}

function toggleBox(szDivId, elem, msg1, msg2)
{
  var res = -1;  if (document.getElementById) {
    res = flip(document.getElementById(szDivId));
  }
  else if (document.all) {
    // this is the way old msie versions work
    res = flip(document.all[szDivId]);
  }
  if(elem) {
    if(res == 0) elem.innerHTML = msg1; else elem.innerHTML = msg2;
  }

}

function toggleAllBoxes() {
  if (document.getElementsByTagName) {
    d = document.getElementsByTagName('div');
    for (i = 0; i < d.length; i++) {
      if (d[i].className == 'log') {
        flip(d[i]);
      }
    }
  }
}

// -->
</script>

</head>
<body>
<h2 align='center'>Default test</h2><table border='1' align="center">
<tr>
<td>Tests passed/Failed/Skipped:</td><td>19/1/0</td>
</tr><tr>
<td>Started on:</td><td>Tue Sep 19 22:15:13 IST 2023</td>
</tr>
<tr><td>Total time:</td><td>99 seconds (99686 ms)</td>
</tr><tr>
<td>Included groups:</td><td></td>
</tr><tr>
<td>Excluded groups:</td><td></td>
</tr>
</table><p/>
<small><i>(Hover the method name to see the test class name)</i></small><p/>
<table width='100%' border='1' class='invocation-failed'>
<tr><td colspan='4' align='center'><b>FAILED TESTS</b></td></tr>
<tr><td><b>Test method</b></td>
<td><b>Attribute(s)</b></td>
<td width="30%"><b>Exception</b></td>
<td width="10%"><b>Time (seconds)</b></td>
<td><b>Instance</b></td>
</tr>
<tr>
<td title='OnboardingTest.OnboardingTest.VerifyClickHereLink()'><b>VerifyClickHereLink</b><br>Test class: OnboardingTest.OnboardingTest</td>
<td><div><pre>java.lang.IndexOutOfBoundsException: Index 3 out of bounds for length 3
	at java.base/jdk.internal.util.Preconditions.outOfBounds(Preconditions.java:64)
	at java.base/jdk.internal.util.Preconditions.outOfBoundsCheckIndex(Preconditions.java:70)
	at java.base/jdk.internal.util.Preconditions.checkIndex(Preconditions.java:266)
	at java.base/java.util.Objects.checkIndex(Objects.java:359)
	at java.base/java.util.ArrayList.get(ArrayList.java:427)
	at PageObjects.OnboardObject.clickOnClickHere(OnboardObject.java:38)
	at OnboardingTest.OnboardingTest.VerifyClickHereLink(OnboardingTest.java:36)
	at java.base/jdk.internal.reflect.NativeMethodAccessorImpl.invoke0(Native Method)
	at java.base/jdk.internal.reflect.NativeMethodAccessorImpl.invoke(NativeMethodAccessorImpl.java:77)
	at java.base/jdk.internal.reflect.DelegatingMethodAccessorImpl.invoke(DelegatingMethodAccessorImpl.java:43)
	at java.base/java.lang.reflect.Method.invoke(Method.java:568)
	at org.testng.internal.invokers.MethodInvocationHelper.invokeMethod(MethodInvocationHelper.java:139)
	at org.testng.internal.invokers.TestInvoker.invokeMethod(TestInvoker.java:664)
	at org.testng.internal.invokers.TestInvoker.invokeTestMethod(TestInvoker.java:227)
	at org.testng.internal.invokers.MethodRunner.runInSequence(MethodRunner.java:50)
	at org.testng.internal.invokers.TestInvoker$MethodInvocationAgent.invoke(TestInvoker.java:957)
	at org.testng.internal.invokers.TestInvoker.invokeTestMethods(TestInvoker.java:200)
	at org.testng.internal.invokers.TestMethodWorker.invokeTestMethods(TestMethodWorker.java:148)
	at org.testng.internal.invokers.TestMethodWorker.run(TestMethodWorker.java:128)
	at java.base/java.util.ArrayList.forEach(ArrayList.java:1511)
	at org.testng.TestRunner.privateRun(TestRunner.java:848)
	at org.testng.TestRunner.run(TestRunner.java:621)
	at org.testng.SuiteRunner.runTest(SuiteRunner.java:443)
	at org.testng.SuiteRunner.runSequentially(SuiteRunner.java:437)
	at org.testng.SuiteRunner.privateRun(SuiteRunner.java:397)
	at org.testng.SuiteRunner.run(SuiteRunner.java:336)
	at org.testng.SuiteRunnerWorker.runSuite(SuiteRunnerWorker.java:52)
	at org.testng.SuiteRunnerWorker.run(SuiteRunnerWorker.java:95)
	at org.testng.TestNG.runSuitesSequentially(TestNG.java:1280)
	at org.testng.TestNG.runSuitesLocally(TestNG.java:1200)
	at org.testng.TestNG.runSuites(TestNG.java:1114)
	at org.testng.TestNG.run(TestNG.java:1082)
	at org.testng.remote.AbstractRemoteTestNG.run(AbstractRemoteTestNG.java:115)
	at org.testng.remote.RemoteTestNG.initAndRun(RemoteTestNG.java:251)
	at org.testng.remote.RemoteTestNG.main(RemoteTestNG.java:77)
</pre></div><a href='#' onClick='toggleBox("stack-trace509104428", this, "Click to show all stack frames", "Click to hide stack frames")'>Click to show all stack frames</a>
<div class='stack-trace' id='stack-trace509104428'><pre>java.lang.IndexOutOfBoundsException: Index 3 out of bounds for length 3
	at java.base/jdk.internal.util.Preconditions.outOfBounds(Preconditions.java:64)
	at java.base/jdk.internal.util.Preconditions.outOfBoundsCheckIndex(Preconditions.java:70)
	at java.base/jdk.internal.util.Preconditions.checkIndex(Preconditions.java:266)
	at java.base/java.util.Objects.checkIndex(Objects.java:359)
	at java.base/java.util.ArrayList.get(ArrayList.java:427)
	at PageObjects.OnboardObject.clickOnClickHere(OnboardObject.java:38)
	at OnboardingTest.OnboardingTest.VerifyClickHereLink(OnboardingTest.java:36)
	at java.base/jdk.internal.reflect.NativeMethodAccessorImpl.invoke0(Native Method)
	at java.base/jdk.internal.reflect.NativeMethodAccessorImpl.invoke(NativeMethodAccessorImpl.java:77)
	at java.base/jdk.internal.reflect.DelegatingMethodAccessorImpl.invoke(DelegatingMethodAccessorImpl.java:43)
	at java.base/java.lang.reflect.Method.invoke(Method.java:568)
	at org.testng.internal.invokers.MethodInvocationHelper.invokeMethod(MethodInvocationHelper.java:139)
	at org.testng.internal.invokers.TestInvoker.invokeMethod(TestInvoker.java:664)
	at org.testng.internal.invokers.TestInvoker.invokeTestMethod(TestInvoker.java:227)
	at org.testng.internal.invokers.MethodRunner.runInSequence(MethodRunner.java:50)
	at org.testng.internal.invokers.TestInvoker$MethodInvocationAgent.invoke(TestInvoker.java:957)
	at org.testng.internal.invokers.TestInvoker.invokeTestMethods(TestInvoker.java:200)
	at org.testng.internal.invokers.TestMethodWorker.invokeTestMethods(TestMethodWorker.java:148)
	at org.testng.internal.invokers.TestMethodWorker.run(TestMethodWorker.java:128)
	at java.base/java.util.ArrayList.forEach(ArrayList.java:1511)
	at org.testng.TestRunner.privateRun(TestRunner.java:848)
	at org.testng.TestRunner.run(TestRunner.java:621)
	at org.testng.SuiteRunner.runTest(SuiteRunner.java:443)
	at org.testng.SuiteRunner.runSequentially(SuiteRunner.java:437)
	at org.testng.SuiteRunner.privateRun(SuiteRunner.java:397)
	at org.testng.SuiteRunner.run(SuiteRunner.java:336)
	at org.testng.SuiteRunnerWorker.runSuite(SuiteRunnerWorker.java:52)
	at org.testng.SuiteRunnerWorker.run(SuiteRunnerWorker.java:95)
	at org.testng.TestNG.runSuitesSequentially(TestNG.java:1280)
	at org.testng.TestNG.runSuitesLocally(TestNG.java:1200)
	at org.testng.TestNG.runSuites(TestNG.java:1114)
	at org.testng.TestNG.run(TestNG.java:1082)
	at org.testng.remote.AbstractRemoteTestNG.run(AbstractRemoteTestNG.java:115)
	at org.testng.remote.RemoteTestNG.initAndRun(RemoteTestNG.java:251)
	at org.testng.remote.RemoteTestNG.main(RemoteTestNG.java:77)
</pre></div></td>
<td>0</td>
<td>OnboardingTest.OnboardingTest@2b71e916</td></tr>
</table><p>
<table width='100%' border='1' class='invocation-passed'>
<tr><td colspan='4' align='center'><b>PASSED TESTS</b></td></tr>
<tr><td><b>Test method</b></td>
<td><b>Attribute(s)</b></td>
<td width="30%"><b>Exception</b></td>
<td width="10%"><b>Time (seconds)</b></td>
<td><b>Instance</b></td>
</tr>
<tr>
<td title='OnboardingTest.OnboardingTest.VerifyCalenderlink()'><b>VerifyCalenderlink</b><br>Test class: OnboardingTest.OnboardingTest</td>
<td></td>
<td>1</td>
<td>OnboardingTest.OnboardingTest@2b71e916</td></tr>
<tr>
<td title='OnboardingTest.OnboardingTest.InvalidCredentials()'><b>InvalidCredentials</b><br>Test class: OnboardingTest.OnboardingTest</td>
<td></td>
<td>4</td>
<td>OnboardingTest.OnboardingTest@2b71e916</td></tr>
<tr>
<td title='OnboardingTest.OnboardingTest.VerificationOfSteponeUrl()'><b>VerificationOfSteponeUrl</b><br>Test class: OnboardingTest.OnboardingTest</td>
<td></td>
<td>58</td>
<td>OnboardingTest.OnboardingTest@2b71e916</td></tr>
<tr>
<td title='OnboardingTest.OnboardingTest.IfConsumeridIsgiven()'><b>IfConsumeridIsgiven</b><br>Test class: OnboardingTest.OnboardingTest</td>
<td></td>
<td>3</td>
<td>OnboardingTest.OnboardingTest@2b71e916</td></tr>
<tr>
<td title='OnboardingTest.OnboardingTest.VerifyCrossButton()'><b>VerifyCrossButton</b><br>Test class: OnboardingTest.OnboardingTest</td>
<td></td>
<td>1</td>
<td>OnboardingTest.OnboardingTest@2b71e916</td></tr>
<tr>
<td title='OnboardingTest.OnboardingTest.VerifySubmitButton()'><b>VerifySubmitButton</b><br>Test class: OnboardingTest.OnboardingTest</td>
<td></td>
<td>0</td>
<td>OnboardingTest.OnboardingTest@2b71e916</td></tr>
<tr>
<td title='OnboardingTest.OnboardingTest.Verifywhatsapplink()'><b>Verifywhatsapplink</b><br>Test class: OnboardingTest.OnboardingTest</td>
<td></td>
<td>1</td>
<td>OnboardingTest.OnboardingTest@2b71e916</td></tr>
<tr>
<td title='OnboardingTest.OnboardingTest.uncheckCheckBox()'><b>uncheckCheckBox</b><br>Test class: OnboardingTest.OnboardingTest</td>
<td></td>
<td>0</td>
<td>OnboardingTest.OnboardingTest@2b71e916</td></tr>
<tr>
<td title='OnboardingTest.OnboardingTest.Verifyskypelink()'><b>Verifyskypelink</b><br>Test class: OnboardingTest.OnboardingTest</td>
<td></td>
<td>5</td>
<td>OnboardingTest.OnboardingTest@2b71e916</td></tr>
<tr>
<td title='OnboardingTest.OnboardingTest.VerifyqueryDropDown()'><b>VerifyqueryDropDown</b><br>Test class: OnboardingTest.OnboardingTest</td>
<td></td>
<td>3</td>
<td>OnboardingTest.OnboardingTest@2b71e916</td></tr>
<tr>
<td title='OnboardingTest.OnboardingTest.ContactUsLinkClick()'><b>ContactUsLinkClick</b><br>Test class: OnboardingTest.OnboardingTest</td>
<td></td>
<td>0</td>
<td>OnboardingTest.OnboardingTest@2b71e916</td></tr>
<tr>
<td title='OnboardingTest.OnboardingTest.ClickOnStoreLink()'><b>ClickOnStoreLink</b><br>Test class: OnboardingTest.OnboardingTest</td>
<td></td>
<td>1</td>
<td>OnboardingTest.OnboardingTest@2b71e916</td></tr>
<tr>
<td title='OnboardingTest.OnboardingTest.SellerCenterClickable()'><b>SellerCenterClickable</b><br>Test class: OnboardingTest.OnboardingTest</td>
<td></td>
<td>0</td>
<td>OnboardingTest.OnboardingTest@2b71e916</td></tr>
<tr>
<td title='OnboardingTest.OnboardingTest.IfPrivateKeyIsgiven()'><b>IfPrivateKeyIsgiven</b><br>Test class: OnboardingTest.OnboardingTest</td>
<td></td>
<td>3</td>
<td>OnboardingTest.OnboardingTest@2b71e916</td></tr>
<tr>
<td title='OnboardingTest.OnboardingTest.readMoreClickable()'><b>readMoreClickable</b><br>Test class: OnboardingTest.OnboardingTest</td>
<td></td>
<td>0</td>
<td>OnboardingTest.OnboardingTest@2b71e916</td></tr>
<tr>
<td title='OnboardingTest.OnboardingTest.checkCheckBox()'><b>checkCheckBox</b><br>Test class: OnboardingTest.OnboardingTest</td>
<td></td>
<td>3</td>
<td>OnboardingTest.OnboardingTest@2b71e916</td></tr>
<tr>
<td title='OnboardingTest.OnboardingTest.validCredentials()'><b>validCredentials</b><br>Test class: OnboardingTest.OnboardingTest</td>
<td></td>
<td>5</td>
<td>OnboardingTest.OnboardingTest@2b71e916</td></tr>
<tr>
<td title='OnboardingTest.OnboardingTest.VerifyCloseButton()'><b>VerifyCloseButton</b><br>Test class: OnboardingTest.OnboardingTest</td>
<td></td>
<td>0</td>
<td>OnboardingTest.OnboardingTest@2b71e916</td></tr>
<tr>
<td title='OnboardingTest.OnboardingTest.VerifyTicketlink()'><b>VerifyTicketlink</b><br>Test class: OnboardingTest.OnboardingTest</td>
<td></td>
<td>2</td>
<td>OnboardingTest.OnboardingTest@2b71e916</td></tr>
</table><p>
</body>
</html>