<?xml version="1.0" encoding="UTF-8"?>
<!-- Generated by org.testng.reporters.JUnitXMLReporter -->
<testsuite ignored="0" hostname="DESKTOP-JTCIL9C" failures="1" tests="20" name="Default test" time="99.686" errors="0" timestamp="2023-09-19T22:16:53 IST">
  <testcase classname="OnboardingTest.OnboardingTest" name="VerificationOfSteponeUrl" time="58.852"/>
  <testcase classname="OnboardingTest.OnboardingTest" name="VerifyClickHereLink" time="0.199">
    <failure type="java.lang.IndexOutOfBoundsException" message="Index 3 out of bounds for length 3">
      <![CDATA[java.lang.IndexOutOfBoundsException: Index 3 out of bounds for length 3
at java.base/jdk.internal.util.Preconditions.outOfBounds(Preconditions.java:64)
at java.base/jdk.internal.util.Preconditions.outOfBoundsCheckIndex(Preconditions.java:70)
at java.base/jdk.internal.util.Preconditions.checkIndex(Preconditions.java:266)
at java.base/java.util.Objects.checkIndex(Objects.java:359)
at java.base/java.util.ArrayList.get(ArrayList.java:427)
at PageObjects.OnboardObject.clickOnClickHere(OnboardObject.java:38)
at OnboardingTest.OnboardingTest.VerifyClickHereLink(OnboardingTest.java:36)
at java.base/jdk.internal.reflect.NativeMethodAccessorImpl.invoke0(Native Method)
at java.base/jdk.internal.reflect.NativeMethodAccessorImpl.invoke(NativeMethodAccessorImpl.java:77)
at java.base/jdk.internal.reflect.DelegatingMethodAccessorImpl.invoke(DelegatingMethodAccessorImpl.java:43)
at java.base/java.lang.reflect.Method.invoke(Method.java:568)
at org.testng.internal.invokers.MethodInvocationHelper.invokeMethod(MethodInvocationHelper.java:139)
at org.testng.internal.invokers.TestInvoker.invokeMethod(TestInvoker.java:664)
at org.testng.internal.invokers.TestInvoker.invokeTestMethod(TestInvoker.java:227)
at org.testng.internal.invokers.MethodRunner.runInSequence(MethodRunner.java:50)
at org.testng.internal.invokers.TestInvoker$MethodInvocationAgent.invoke(TestInvoker.java:957)
at org.testng.internal.invokers.TestInvoker.invokeTestMethods(TestInvoker.java:200)
at org.testng.internal.invokers.TestMethodWorker.invokeTestMethods(TestMethodWorker.java:148)
at org.testng.internal.invokers.TestMethodWorker.run(TestMethodWorker.java:128)
at java.base/java.util.ArrayList.forEach(ArrayList.java:1511)
at org.testng.TestRunner.privateRun(TestRunner.java:848)
at org.testng.TestRunner.run(TestRunner.java:621)
at org.testng.SuiteRunner.runTest(SuiteRunner.java:443)
at org.testng.SuiteRunner.runSequentially(SuiteRunner.java:437)
at org.testng.SuiteRunner.privateRun(SuiteRunner.java:397)
at org.testng.SuiteRunner.run(SuiteRunner.java:336)
at org.testng.SuiteRunnerWorker.runSuite(SuiteRunnerWorker.java:52)
at org.testng.SuiteRunnerWorker.run(SuiteRunnerWorker.java:95)
at org.testng.TestNG.runSuitesSequentially(TestNG.java:1280)
at org.testng.TestNG.runSuitesLocally(TestNG.java:1200)
at org.testng.TestNG.runSuites(TestNG.java:1114)
at org.testng.TestNG.run(TestNG.java:1082)
at org.testng.remote.AbstractRemoteTestNG.run(AbstractRemoteTestNG.java:115)
at org.testng.remote.RemoteTestNG.initAndRun(RemoteTestNG.java:251)
at org.testng.remote.RemoteTestNG.main(RemoteTestNG.java:77)
]]>
    </failure>
  </testcase> <!-- VerifyClickHereLink -->
  <testcase classname="OnboardingTest.OnboardingTest" name="VerifyCrossButton" time="1.204"/>
  <testcase classname="OnboardingTest.OnboardingTest" name="VerifyCloseButton" time="0.802"/>
  <testcase classname="OnboardingTest.OnboardingTest" name="ContactUsLinkClick" time="0.689"/>
  <testcase classname="OnboardingTest.OnboardingTest" name="Verifywhatsapplink" time="1.849"/>
  <testcase classname="OnboardingTest.OnboardingTest" name="Verifyskypelink" time="5.525"/>
  <testcase classname="OnboardingTest.OnboardingTest" name="VerifyTicketlink" time="2.256"/>
  <testcase classname="OnboardingTest.OnboardingTest" name="VerifyCalenderlink" time="1.952"/>
  <testcase classname="OnboardingTest.OnboardingTest" name="VerifySubmitButton" time="0.327"/>
  <testcase classname="OnboardingTest.OnboardingTest" name="VerifyqueryDropDown" time="3.871"/>
  <testcase classname="OnboardingTest.OnboardingTest" name="uncheckCheckBox" time="0.058"/>
  <testcase classname="OnboardingTest.OnboardingTest" name="validCredentials" time="5.781"/>
  <testcase classname="OnboardingTest.OnboardingTest" name="checkCheckBox" time="3.568"/>
  <testcase classname="OnboardingTest.OnboardingTest" name="readMoreClickable" time="0.103"/>
  <testcase classname="OnboardingTest.OnboardingTest" name="SellerCenterClickable" time="0.086"/>
  <testcase classname="OnboardingTest.OnboardingTest" name="IfConsumeridIsgiven" time="3.042"/>
  <testcase classname="OnboardingTest.OnboardingTest" name="IfPrivateKeyIsgiven" time="3.355"/>
  <testcase classname="OnboardingTest.OnboardingTest" name="InvalidCredentials" time="4.278"/>
  <testcase classname="OnboardingTest.OnboardingTest" name="ClickOnStoreLink" time="1.671"/>
</testsuite> <!-- Default test -->
