<?xml version="1.0" encoding="UTF-8"?>
<!-- Generated by org.testng.reporters.JUnitXMLReporter -->
<testsuite ignored="0" hostname="DESKTOP-JTCIL9C" failures="1" tests="21" name="Test" time="114.251" errors="0" timestamp="2023-09-19T22:41:10 IST">
  <testcase classname="OnboardingTest.OnboardingTest" name="VerificationOfSteponeUrl" time="64.176"/>
  <testcase classname="OnboardingTest.OnboardingTest" name="VerifyClickHereLink" time="12.792"/>
  <testcase classname="OnboardingTest.OnboardingTest" name="VerifyCrossButton" time="1.274"/>
  <testcase classname="OnboardingTest.OnboardingTest" name="VerifyCloseButton" time="0.624"/>
  <testcase classname="OnboardingTest.OnboardingTest" name="ContactUsLinkClick" time="0.443"/>
  <testcase classname="OnboardingTest.OnboardingTest" name="Verifywhatsapplink" time="1.334"/>
  <testcase classname="OnboardingTest.OnboardingTest" name="Verifyskypelink" time="5.841"/>
  <testcase classname="OnboardingTest.OnboardingTest" name="VerifyTicketlink" time="1.163"/>
  <testcase classname="OnboardingTest.OnboardingTest" name="VerifyCalenderlink" time="1.862"/>
  <testcase classname="OnboardingTest.OnboardingTest" name="VerifySubmitButton" time="0.352"/>
  <testcase classname="OnboardingTest.OnboardingTest" name="VerifyqueryDropDown" time="3.684"/>
  <testcase classname="OnboardingTest.OnboardingTest" name="uncheckCheckBox" time="0.064"/>
  <testcase classname="OnboardingTest.OnboardingTest" name="checkCheckBox" time="2.46"/>
  <testcase classname="OnboardingTest.OnboardingTest" name="readMoreClickable" time="0.082"/>
  <testcase classname="OnboardingTest.OnboardingTest" name="SellerCenterClickable" time="0.169"/>
  <testcase classname="OnboardingTest.OnboardingTest" name="IfConsumeridIsgiven" time="3.142"/>
  <testcase classname="OnboardingTest.OnboardingTest" name="IfPrivateKeyIsgiven" time="3.349"/>
  <testcase classname="OnboardingTest.OnboardingTest" name="InvalidCredentials" time="3.903"/>
  <testcase classname="OnboardingTest.OnboardingTest" name="ClickOnStoreLink" time="1.619"/>
  <testcase classname="OnboardingTest.OnboardingTest" name="validCredentials" time="5.258"/>
  <testcase classname="OnboardingTest.OnboardingTest" name="ImportOptionVisible" time="0.372">
    <failure type="java.lang.AssertionError" message="Wrong getting expected [true] but found [false]">
      <![CDATA[java.lang.AssertionError: Wrong getting expected [true] but found [false]
at OnboardingTest.OnboardingTest.ImportOptionVisible(OnboardingTest.java:218)
at java.base/java.util.ArrayList.forEach(ArrayList.java:1511)
... Removed 30 stack frames]]>
    </failure>
  </testcase> <!-- ImportOptionVisible -->
</testsuite> <!-- Test -->
