<?xml version="1.0" encoding="UTF-8"?>
<testng-results ignored="0" total="21" passed="20" failed="1" skipped="0">
  <reporter-output>
  </reporter-output>
  <suite started-at="2023-09-19T22:39:15 IST" name="Suite" finished-at="2023-09-19T22:41:09 IST" duration-ms="114251">
    <groups>
    </groups>
    <test started-at="2023-09-19T22:39:15 IST" name="Test" finished-at="2023-09-19T22:41:09 IST" duration-ms="114251">
      <class name="OnboardingTest.OnboardingTest">
        <test-method signature="VerificationOfSteponeUrl()[pri:1, instance:OnboardingTest.OnboardingTest@14dd7b39]" started-at="2023-09-19T22:39:15 IST" name="VerificationOfSteponeUrl" finished-at="2023-09-19T22:40:19 IST" duration-ms="64176" status="PASS">
          <reporter-output>
          </reporter-output>
        </test-method> <!-- VerificationOfSteponeUrl -->
        <test-method signature="VerifyClickHereLink()[pri:2, instance:OnboardingTest.OnboardingTest@14dd7b39]" started-at="2023-09-19T22:40:19 IST" name="VerifyClickHereLink" finished-at="2023-09-19T22:40:32 IST" duration-ms="12792" status="PASS">
          <reporter-output>
          </reporter-output>
        </test-method> <!-- VerifyClickHereLink -->
        <test-method signature="VerifyCrossButton()[pri:3, instance:OnboardingTest.OnboardingTest@14dd7b39]" started-at="2023-09-19T22:40:32 IST" name="VerifyCrossButton" finished-at="2023-09-19T22:40:33 IST" duration-ms="1274" status="PASS">
          <reporter-output>
          </reporter-output>
        </test-method> <!-- VerifyCrossButton -->
        <test-method signature="VerifyCloseButton()[pri:4, instance:OnboardingTest.OnboardingTest@14dd7b39]" started-at="2023-09-19T22:40:33 IST" name="VerifyCloseButton" finished-at="2023-09-19T22:40:34 IST" duration-ms="624" status="PASS">
          <reporter-output>
          </reporter-output>
        </test-method> <!-- VerifyCloseButton -->
        <test-method signature="ContactUsLinkClick()[pri:5, instance:OnboardingTest.OnboardingTest@14dd7b39]" started-at="2023-09-19T22:40:34 IST" name="ContactUsLinkClick" finished-at="2023-09-19T22:40:34 IST" duration-ms="443" status="PASS">
          <reporter-output>
          </reporter-output>
        </test-method> <!-- ContactUsLinkClick -->
        <test-method signature="Verifywhatsapplink()[pri:6, instance:OnboardingTest.OnboardingTest@14dd7b39]" started-at="2023-09-19T22:40:34 IST" name="Verifywhatsapplink" finished-at="2023-09-19T22:40:36 IST" duration-ms="1334" status="PASS">
          <reporter-output>
          </reporter-output>
        </test-method> <!-- Verifywhatsapplink -->
        <test-method signature="Verifyskypelink()[pri:7, instance:OnboardingTest.OnboardingTest@14dd7b39]" started-at="2023-09-19T22:40:36 IST" name="Verifyskypelink" finished-at="2023-09-19T22:40:42 IST" duration-ms="5841" status="PASS">
          <reporter-output>
          </reporter-output>
        </test-method> <!-- Verifyskypelink -->
        <test-method signature="VerifyTicketlink()[pri:8, instance:OnboardingTest.OnboardingTest@14dd7b39]" started-at="2023-09-19T22:40:42 IST" name="VerifyTicketlink" finished-at="2023-09-19T22:40:43 IST" duration-ms="1163" status="PASS">
          <reporter-output>
          </reporter-output>
        </test-method> <!-- VerifyTicketlink -->
        <test-method signature="VerifyCalenderlink()[pri:9, instance:OnboardingTest.OnboardingTest@14dd7b39]" started-at="2023-09-19T22:40:43 IST" name="VerifyCalenderlink" finished-at="2023-09-19T22:40:45 IST" duration-ms="1862" status="PASS">
          <reporter-output>
          </reporter-output>
        </test-method> <!-- VerifyCalenderlink -->
        <test-method signature="VerifySubmitButton()[pri:10, instance:OnboardingTest.OnboardingTest@14dd7b39]" started-at="2023-09-19T22:40:45 IST" name="VerifySubmitButton" finished-at="2023-09-19T22:40:45 IST" duration-ms="352" status="PASS">
          <reporter-output>
          </reporter-output>
        </test-method> <!-- VerifySubmitButton -->
        <test-method signature="VerifyqueryDropDown()[pri:11, instance:OnboardingTest.OnboardingTest@14dd7b39]" started-at="2023-09-19T22:40:45 IST" name="VerifyqueryDropDown" finished-at="2023-09-19T22:40:49 IST" duration-ms="3684" status="PASS">
          <reporter-output>
          </reporter-output>
        </test-method> <!-- VerifyqueryDropDown -->
        <test-method signature="uncheckCheckBox()[pri:12, instance:OnboardingTest.OnboardingTest@14dd7b39]" started-at="2023-09-19T22:40:49 IST" name="uncheckCheckBox" finished-at="2023-09-19T22:40:49 IST" duration-ms="64" status="PASS">
          <reporter-output>
          </reporter-output>
        </test-method> <!-- uncheckCheckBox -->
        <test-method signature="checkCheckBox()[pri:13, instance:OnboardingTest.OnboardingTest@14dd7b39]" started-at="2023-09-19T22:40:49 IST" name="checkCheckBox" finished-at="2023-09-19T22:40:51 IST" duration-ms="2460" status="PASS">
          <reporter-output>
          </reporter-output>
        </test-method> <!-- checkCheckBox -->
        <test-method signature="readMoreClickable()[pri:14, instance:OnboardingTest.OnboardingTest@14dd7b39]" started-at="2023-09-19T22:40:51 IST" name="readMoreClickable" finished-at="2023-09-19T22:40:51 IST" duration-ms="82" status="PASS">
          <reporter-output>
          </reporter-output>
        </test-method> <!-- readMoreClickable -->
        <test-method signature="SellerCenterClickable()[pri:15, instance:OnboardingTest.OnboardingTest@14dd7b39]" started-at="2023-09-19T22:40:51 IST" name="SellerCenterClickable" finished-at="2023-09-19T22:40:51 IST" duration-ms="169" status="PASS">
          <reporter-output>
          </reporter-output>
        </test-method> <!-- SellerCenterClickable -->
        <test-method signature="IfConsumeridIsgiven()[pri:16, instance:OnboardingTest.OnboardingTest@14dd7b39]" started-at="2023-09-19T22:40:51 IST" name="IfConsumeridIsgiven" finished-at="2023-09-19T22:40:55 IST" duration-ms="3142" status="PASS">
          <reporter-output>
          </reporter-output>
        </test-method> <!-- IfConsumeridIsgiven -->
        <test-method signature="IfPrivateKeyIsgiven()[pri:17, instance:OnboardingTest.OnboardingTest@14dd7b39]" started-at="2023-09-19T22:40:55 IST" name="IfPrivateKeyIsgiven" finished-at="2023-09-19T22:40:58 IST" duration-ms="3349" status="PASS">
          <reporter-output>
          </reporter-output>
        </test-method> <!-- IfPrivateKeyIsgiven -->
        <test-method signature="InvalidCredentials()[pri:18, instance:OnboardingTest.OnboardingTest@14dd7b39]" started-at="2023-09-19T22:40:58 IST" name="InvalidCredentials" finished-at="2023-09-19T22:41:02 IST" duration-ms="3903" status="PASS">
          <reporter-output>
          </reporter-output>
        </test-method> <!-- InvalidCredentials -->
        <test-method signature="ClickOnStoreLink()[pri:19, instance:OnboardingTest.OnboardingTest@14dd7b39]" started-at="2023-09-19T22:41:02 IST" name="ClickOnStoreLink" finished-at="2023-09-19T22:41:04 IST" duration-ms="1619" status="PASS">
          <reporter-output>
          </reporter-output>
        </test-method> <!-- ClickOnStoreLink -->
        <test-method signature="validCredentials()[pri:20, instance:OnboardingTest.OnboardingTest@14dd7b39]" started-at="2023-09-19T22:41:04 IST" name="validCredentials" finished-at="2023-09-19T22:41:09 IST" duration-ms="5258" status="PASS">
          <reporter-output>
          </reporter-output>
        </test-method> <!-- validCredentials -->
        <test-method signature="ImportOptionVisible()[pri:21, instance:OnboardingTest.OnboardingTest@14dd7b39]" started-at="2023-09-19T22:41:09 IST" name="ImportOptionVisible" finished-at="2023-09-19T22:41:09 IST" duration-ms="372" status="FAIL">
          <exception class="java.lang.AssertionError">
            <message>
              <![CDATA[Wrong getting expected [true] but found [false]]]>
            </message>
            <full-stacktrace>
              <![CDATA[java.lang.AssertionError: Wrong getting expected [true] but found [false]
at org.testng.Assert.fail(Assert.java:111)
at org.testng.Assert.failNotEquals(Assert.java:1578)
at org.testng.Assert.assertTrue(Assert.java:57)
at OnboardingTest.OnboardingTest.ImportOptionVisible(OnboardingTest.java:218)
at java.base/jdk.internal.reflect.NativeMethodAccessorImpl.invoke0(Native Method)
at java.base/jdk.internal.reflect.NativeMethodAccessorImpl.invoke(NativeMethodAccessorImpl.java:77)
at java.base/jdk.internal.reflect.DelegatingMethodAccessorImpl.invoke(DelegatingMethodAccessorImpl.java:43)
at java.base/java.lang.reflect.Method.invoke(Method.java:568)
at org.testng.internal.invokers.MethodInvocationHelper.invokeMethod(MethodInvocationHelper.java:139)
at org.testng.internal.invokers.TestInvoker.invokeMethod(TestInvoker.java:664)
at org.testng.internal.invokers.TestInvoker.invokeTestMethod(TestInvoker.java:227)
at org.testng.internal.invokers.MethodRunner.runInSequence(MethodRunner.java:50)
at org.testng.internal.invokers.TestInvoker$MethodInvocationAgent.invoke(TestInvoker.java:957)
at org.testng.internal.invokers.TestInvoker.invokeTestMethods(TestInvoker.java:200)
at org.testng.internal.invokers.TestMethodWorker.invokeTestMethods(TestMethodWorker.java:148)
at org.testng.internal.invokers.TestMethodWorker.run(TestMethodWorker.java:128)
at java.base/java.util.ArrayList.forEach(ArrayList.java:1511)
at org.testng.TestRunner.privateRun(TestRunner.java:848)
at org.testng.TestRunner.run(TestRunner.java:621)
at org.testng.SuiteRunner.runTest(SuiteRunner.java:443)
at org.testng.SuiteRunner.runSequentially(SuiteRunner.java:437)
at org.testng.SuiteRunner.privateRun(SuiteRunner.java:397)
at org.testng.SuiteRunner.run(SuiteRunner.java:336)
at org.testng.SuiteRunnerWorker.runSuite(SuiteRunnerWorker.java:52)
at org.testng.SuiteRunnerWorker.run(SuiteRunnerWorker.java:95)
at org.testng.TestNG.runSuitesSequentially(TestNG.java:1280)
at org.testng.TestNG.runSuitesLocally(TestNG.java:1200)
at org.testng.TestNG.runSuites(TestNG.java:1114)
at org.testng.TestNG.run(TestNG.java:1082)
at org.testng.remote.AbstractRemoteTestNG.run(AbstractRemoteTestNG.java:115)
at org.testng.remote.RemoteTestNG.initAndRun(RemoteTestNG.java:251)
at org.testng.remote.RemoteTestNG.main(RemoteTestNG.java:77)
]]>
            </full-stacktrace>
          </exception> <!-- java.lang.AssertionError -->
          <reporter-output>
          </reporter-output>
        </test-method> <!-- ImportOptionVisible -->
      </class> <!-- OnboardingTest.OnboardingTest -->
    </test> <!-- Test -->
  </suite> <!-- Suite -->
</testng-results>
